<?xml version="1.0" encoding="UTF-8"?>
<!-- Generated by org.testng.reporters.JUnitXMLReporter -->
<testsuite hostname="DESKTOP-P81C98J" ignored="0" name="Test" tests="13" failures="0" timestamp="2022-05-23T12:27:41 IST" time="2.446" errors="0">
  <testcase name="getsheetcount" time="1.316" classname="DDT.prog6"/>
  <testcase name="excelsheetdetails" time="0.12" classname="DDT.prog3"/>
  <testcase name="getsheetdetails" time="0.115" classname="DDT.prog2"/>
  <testcase name="excelreading" time="0.142" classname="DDT.prog5"/>
  <testcase name="getsheetdetails" time="0.174" classname="DDT.prog4"/>
  <testcase name="testCaseFive" time="0.012" classname="DDT.GroupExamples"/>
  <testcase name="testCaseFour" time="0.003" classname="DDT.GroupExamples"/>
  <testcase name="testCaseOne" time="0.006" classname="DDT.GroupExamples"/>
  <testcase name="testCaseThree" time="0.002" classname="DDT.GroupExamples"/>
  <testcase name="testCaseTwo" time="0.003" classname="DDT.GroupExamples"/>
  <testcase name="getcellcount" time="0.16" classname="DDT.prog1"/>
  <testcase name="getrowcount" time="0.077" classname="DDT.prog1"/>
  <testcase name="getsheetcount" time="0.088" classname="DDT.prog1"/>
</testsuite> <!-- Test -->
