<?xml version="1.0" encoding="UTF-8"?>
<testng-results skipped="0" failed="0" ignored="0" total="1" passed="1">
  <reporter-output>
  </reporter-output>
  <suite name="Default suite" duration-ms="2525" started-at="2022-05-26T11:38:09 IST" finished-at="2022-05-26T11:38:12 IST">
    <groups>
    </groups>
    <test name="Default test" duration-ms="2525" started-at="2022-05-26T11:38:09 IST" finished-at="2022-05-26T11:38:12 IST">
      <class name="DDT.prog7">
        <test-method status="PASS" signature="test()[pri:0, instance:DDT.prog7@7ecec90d]" name="test" duration-ms="2273" started-at="2022-05-26T11:38:09 IST" finished-at="2022-05-26T11:38:11 IST">
          <reporter-output>
          </reporter-output>
        </test-method> <!-- test -->
      </class> <!-- DDT.prog7 -->
    </test> <!-- Default test -->
  </suite> <!-- Default suite -->
</testng-results>
