<?xml version="1.0" encoding="UTF-8"?>
<!-- Generated by org.testng.reporters.JUnitXMLReporter -->
<testsuite hostname="DESKTOP-P81C98J" ignored="2" name="testing" tests="3" failures="0" timestamp="2022-05-23T12:31:14 IST" time="0.22" errors="0">
  <testcase name="testCaseFour" time="0.018" classname="DDT.GroupExamples"/>
  <testcase name="testCaseOne" time="0.004" classname="DDT.GroupExamples"/>
  <testcase name="testCaseTwo" time="0.01" classname="DDT.GroupExamples"/>
  <testcase name="testCaseThree" time="0.0" classname="DDT.GroupExamples">
    <ignored/>
  </testcase> <!-- testCaseThree -->
  <testcase name="testCaseFive" time="0.0" classname="DDT.GroupExamples">
    <ignored/>
  </testcase> <!-- testCaseFive -->
</testsuite> <!-- testing -->
